mode: set
github.com/derailed/hangman2/dictionary/picker.go:23.31,25.2 1 1
github.com/derailed/hangman2/dictionary/picker.go:28.41,30.16 2 1
github.com/derailed/hangman2/dictionary/picker.go:33.2,33.16 1 1
github.com/derailed/hangman2/dictionary/picker.go:30.16,32.3 1 1
github.com/derailed/hangman2/dictionary/picker.go:36.40,38.2 1 1
github.com/derailed/hangman2/dictionary/picker.go:40.42,42.16 2 1
github.com/derailed/hangman2/dictionary/picker.go:46.2,48.16 3 1
github.com/derailed/hangman2/dictionary/picker.go:52.2,52.16 1 1
github.com/derailed/hangman2/dictionary/picker.go:42.16,44.3 1 1
github.com/derailed/hangman2/dictionary/picker.go:48.16,50.3 1 1
