mode: set
github.com/derailed/hangman2/internal/game/service.go:16.27,18.2 1 1
github.com/derailed/hangman2/internal/game/service.go:21.55,25.2 3 1
github.com/derailed/hangman2/internal/game/service.go:28.59,30.2 1 1
github.com/derailed/hangman2/internal/game/game.go:42.42,47.2 2 1
github.com/derailed/hangman2/internal/game/game.go:49.49,51.2 1 1
github.com/derailed/hangman2/internal/game/game.go:54.45,55.25 1 1
github.com/derailed/hangman2/internal/game/game.go:60.2,60.17 1 1
github.com/derailed/hangman2/internal/game/game.go:70.2,72.22 3 1
github.com/derailed/hangman2/internal/game/game.go:77.2,77.28 1 1
github.com/derailed/hangman2/internal/game/game.go:55.25,58.3 2 1
github.com/derailed/hangman2/internal/game/game.go:60.17,62.16 2 1
github.com/derailed/hangman2/internal/game/game.go:67.3,67.29 1 1
github.com/derailed/hangman2/internal/game/game.go:62.16,64.4 1 1
github.com/derailed/hangman2/internal/game/game.go:64.4,66.4 1 1
github.com/derailed/hangman2/internal/game/game.go:72.22,74.3 1 1
github.com/derailed/hangman2/internal/game/game.go:74.3,76.3 1 1
github.com/derailed/hangman2/internal/game/game.go:80.29,81.30 1 1
github.com/derailed/hangman2/internal/game/game.go:86.2,86.13 1 1
github.com/derailed/hangman2/internal/game/game.go:81.30,82.27 1 1
github.com/derailed/hangman2/internal/game/game.go:82.27,84.4 1 1
github.com/derailed/hangman2/internal/game/game.go:89.38,95.2 1 1
github.com/derailed/hangman2/internal/game/game.go:97.35,99.30 2 1
github.com/derailed/hangman2/internal/game/game.go:106.2,106.31 1 1
github.com/derailed/hangman2/internal/game/game.go:99.30,100.26 1 1
github.com/derailed/hangman2/internal/game/game.go:100.26,102.4 1 1
github.com/derailed/hangman2/internal/game/game.go:102.4,104.4 1 1
github.com/derailed/hangman2/internal/game/game.go:109.44,110.30 1 1
github.com/derailed/hangman2/internal/game/game.go:115.2,115.14 1 1
github.com/derailed/hangman2/internal/game/game.go:110.30,111.13 1 1
github.com/derailed/hangman2/internal/game/game.go:111.13,113.4 1 1
github.com/derailed/hangman2/internal/game/game.go:118.36,119.30 1 1
github.com/derailed/hangman2/internal/game/game.go:124.2,124.14 1 1
github.com/derailed/hangman2/internal/game/game.go:119.30,120.13 1 1
github.com/derailed/hangman2/internal/game/game.go:120.13,122.4 1 1
github.com/derailed/hangman2/internal/game/http.go:47.84,49.61 2 1
github.com/derailed/hangman2/internal/game/http.go:53.2,55.17 2 1
github.com/derailed/hangman2/internal/game/http.go:49.61,52.3 2 0
github.com/derailed/hangman2/internal/game/http.go:58.83,60.2 1 1
github.com/derailed/hangman2/internal/game/http.go:62.82,65.61 2 1
github.com/derailed/hangman2/internal/game/http.go:68.2,68.17 1 1
github.com/derailed/hangman2/internal/game/http.go:65.61,67.3 1 0
github.com/derailed/hangman2/internal/game/http.go:71.91,74.2 2 1
github.com/derailed/hangman2/internal/game/http.go:76.56,77.69 1 1
github.com/derailed/hangman2/internal/game/http.go:77.69,79.3 1 1
github.com/derailed/hangman2/internal/game/http.go:82.57,83.75 1 1
github.com/derailed/hangman2/internal/game/http.go:83.75,87.3 3 1
github.com/derailed/hangman2/internal/game/http.go:90.55,91.75 1 1
github.com/derailed/hangman2/internal/game/http.go:91.75,95.3 3 1
github.com/derailed/hangman2/internal/game/http.go:99.66,132.2 9 1
github.com/derailed/hangman2/internal/game/logging.go:15.57,17.2 1 0
github.com/derailed/hangman2/internal/game/logging.go:20.62,21.30 1 0
github.com/derailed/hangman2/internal/game/logging.go:28.2,28.33 1 0
github.com/derailed/hangman2/internal/game/logging.go:21.30,26.3 1 0
github.com/derailed/hangman2/internal/game/logging.go:32.66,33.30 1 0
github.com/derailed/hangman2/internal/game/logging.go:41.2,41.31 1 0
github.com/derailed/hangman2/internal/game/logging.go:33.30,39.3 1 0
