mode: set
github.com/derailed/hangman2/internal/dictionary/http.go:25.87,27.2 1 1
github.com/derailed/hangman2/internal/dictionary/http.go:29.81,31.2 1 1
github.com/derailed/hangman2/internal/dictionary/http.go:33.91,36.2 2 1
github.com/derailed/hangman2/internal/dictionary/http.go:38.60,39.69 1 1
github.com/derailed/hangman2/internal/dictionary/http.go:39.69,41.3 1 1
github.com/derailed/hangman2/internal/dictionary/http.go:44.54,45.69 1 1
github.com/derailed/hangman2/internal/dictionary/http.go:45.69,47.3 1 1
github.com/derailed/hangman2/internal/dictionary/http.go:51.66,76.2 7 1
github.com/derailed/hangman2/internal/dictionary/logging.go:15.57,17.2 1 0
github.com/derailed/hangman2/internal/dictionary/logging.go:20.47,21.30 1 0
github.com/derailed/hangman2/internal/dictionary/logging.go:29.2,30.8 2 0
github.com/derailed/hangman2/internal/dictionary/logging.go:21.30,27.3 1 0
github.com/derailed/hangman2/internal/dictionary/service.go:15.40,17.16 2 1
github.com/derailed/hangman2/internal/dictionary/service.go:20.2,20.33 1 1
github.com/derailed/hangman2/internal/dictionary/service.go:17.16,19.3 1 1
github.com/derailed/hangman2/internal/dictionary/service.go:24.32,26.2 1 1
github.com/derailed/hangman2/internal/dictionary/word_list.go:23.39,25.2 1 1
github.com/derailed/hangman2/internal/dictionary/word_list.go:28.49,30.16 2 1
github.com/derailed/hangman2/internal/dictionary/word_list.go:33.2,33.16 1 1
github.com/derailed/hangman2/internal/dictionary/word_list.go:30.16,32.3 1 1
github.com/derailed/hangman2/internal/dictionary/word_list.go:37.40,39.2 1 1
github.com/derailed/hangman2/internal/dictionary/word_list.go:41.42,43.16 2 1
github.com/derailed/hangman2/internal/dictionary/word_list.go:47.2,49.16 3 1
github.com/derailed/hangman2/internal/dictionary/word_list.go:53.2,53.16 1 1
github.com/derailed/hangman2/internal/dictionary/word_list.go:43.16,45.3 1 1
github.com/derailed/hangman2/internal/dictionary/word_list.go:49.16,51.3 1 1
